2024-06-26 14:29:21.727 [main-INFO ] com.mee.quartz.test.JobTeskTest:55 -Starting JobTeskTest using Java 1.8.0_351 on SCD202212140004 with PID 24764 (started by zoupengcheng in E:\self\quartz-2.3.2\quartz-springboot)
2024-06-26 14:29:21.731 [main-DEBUG] com.mee.quartz.test.JobTeskTest:56 -Running with Spring Boot v2.7.3, Spring v5.3.22
2024-06-26 14:29:21.731 [main-INFO ] com.mee.quartz.test.JobTeskTest:640 -The following 1 profile is active: "dev"
2024-06-26 14:29:22.367 [main-DEBUG] com.zaxxer.hikari.HikariConfig:971 -Driver class org.postgresql.Driver found in Thread context class loader sun.misc.Launcher$AppClassLoader@18b4aac2
2024-06-26 14:29:22.648 [main-INFO ] com.mee.quartz.test.JobTeskTest:61 -Started JobTeskTest in 1.233 seconds (JVM running for 2.509)
2024-06-26 14:29:22.690 [main-ERROR] o.springframework.test.context.TestContextManager:252 -Caught exception while allowing TestExecutionListener [org.springframework.boot.test.autoconfigure.SpringBootDependencyInjectionTestExecutionListener@24105dc5] to prepare test instance [com.mee.quartz.test.JobTeskTest@13d9cbf5]
org.springframework.beans.factory.UnsatisfiedDependencyException: Error creating bean with name 'com.mee.quartz.test.JobTeskTest': Unsatisfied dependency expressed through field 'scheduler'; nested exception is org.springframework.beans.factory.NoSuchBeanDefinitionException: No qualifying bean of type 'org.quartz.Scheduler' available: expected at least 1 bean which qualifies as autowire candidate. Dependency annotations: {@org.springframework.beans.factory.annotation.Autowired(required=true)}
	at org.springframework.beans.factory.annotation.AutowiredAnnotationBeanPostProcessor$AutowiredFieldElement.resolveFieldValue(AutowiredAnnotationBeanPostProcessor.java:659)
	at org.springframework.beans.factory.annotation.AutowiredAnnotationBeanPostProcessor$AutowiredFieldElement.inject(AutowiredAnnotationBeanPostProcessor.java:639)
	at org.springframework.beans.factory.annotation.InjectionMetadata.inject(InjectionMetadata.java:119)
	at org.springframework.beans.factory.annotation.AutowiredAnnotationBeanPostProcessor.postProcessProperties(AutowiredAnnotationBeanPostProcessor.java:399)
	at org.springframework.beans.factory.support.AbstractAutowireCapableBeanFactory.populateBean(AbstractAutowireCapableBeanFactory.java:1431)
	at org.springframework.beans.factory.support.AbstractAutowireCapableBeanFactory.autowireBeanProperties(AbstractAutowireCapableBeanFactory.java:417)
	at org.springframework.test.context.support.DependencyInjectionTestExecutionListener.injectDependencies(DependencyInjectionTestExecutionListener.java:119)
	at org.springframework.test.context.support.DependencyInjectionTestExecutionListener.prepareTestInstance(DependencyInjectionTestExecutionListener.java:83)
	at org.springframework.boot.test.autoconfigure.SpringBootDependencyInjectionTestExecutionListener.prepareTestInstance(SpringBootDependencyInjectionTestExecutionListener.java:43)
	at org.springframework.test.context.TestContextManager.prepareTestInstance(TestContextManager.java:248)
	at org.springframework.test.context.junit.jupiter.SpringExtension.postProcessTestInstance(SpringExtension.java:138)
	at org.junit.jupiter.engine.descriptor.ClassBasedTestDescriptor.lambda$invokeTestInstancePostProcessors$8(ClassBasedTestDescriptor.java:363)
	at org.junit.jupiter.engine.descriptor.ClassBasedTestDescriptor.executeAndMaskThrowable(ClassBasedTestDescriptor.java:368)
	at org.junit.jupiter.engine.descriptor.ClassBasedTestDescriptor.lambda$invokeTestInstancePostProcessors$9(ClassBasedTestDescriptor.java:363)
	at java.util.stream.ReferencePipeline$3$1.accept(ReferencePipeline.java:193)
	at java.util.stream.ReferencePipeline$2$1.accept(ReferencePipeline.java:175)
	at java.util.ArrayList$ArrayListSpliterator.forEachRemaining(ArrayList.java:1384)
	at java.util.stream.AbstractPipeline.copyInto(AbstractPipeline.java:482)
	at java.util.stream.AbstractPipeline.wrapAndCopyInto(AbstractPipeline.java:472)
	at java.util.stream.StreamSpliterators$WrappingSpliterator.forEachRemaining(StreamSpliterators.java:312)
	at java.util.stream.Streams$ConcatSpliterator.forEachRemaining(Streams.java:743)
	at java.util.stream.Streams$ConcatSpliterator.forEachRemaining(Streams.java:742)
	at java.util.stream.ReferencePipeline$Head.forEach(ReferencePipeline.java:580)
	at org.junit.jupiter.engine.descriptor.ClassBasedTestDescriptor.invokeTestInstancePostProcessors(ClassBasedTestDescriptor.java:362)
	at org.junit.jupiter.engine.descriptor.ClassBasedTestDescriptor.lambda$instantiateAndPostProcessTestInstance$6(ClassBasedTestDescriptor.java:283)
	at org.junit.platform.engine.support.hierarchical.ThrowableCollector.execute(ThrowableCollector.java:73)
	at org.junit.jupiter.engine.descriptor.ClassBasedTestDescriptor.instantiateAndPostProcessTestInstance(ClassBasedTestDescriptor.java:282)
	at org.junit.jupiter.engine.descriptor.ClassBasedTestDescriptor.lambda$testInstancesProvider$4(ClassBasedTestDescriptor.java:272)
	at java.util.Optional.orElseGet(Optional.java:267)
	at org.junit.jupiter.engine.descriptor.ClassBasedTestDescriptor.lambda$testInstancesProvider$5(ClassBasedTestDescriptor.java:271)
	at org.junit.jupiter.engine.execution.TestInstancesProvider.getTestInstances(TestInstancesProvider.java:31)
	at org.junit.jupiter.engine.descriptor.TestMethodTestDescriptor.lambda$prepare$0(TestMethodTestDescriptor.java:102)
	at org.junit.platform.engine.support.hierarchical.ThrowableCollector.execute(ThrowableCollector.java:73)
	at org.junit.jupiter.engine.descriptor.TestMethodTestDescriptor.prepare(TestMethodTestDescriptor.java:101)
	at org.junit.jupiter.engine.descriptor.TestMethodTestDescriptor.prepare(TestMethodTestDescriptor.java:66)
	at org.junit.platform.engine.support.hierarchical.NodeTestTask.lambda$prepare$2(NodeTestTask.java:123)
	at org.junit.platform.engine.support.hierarchical.ThrowableCollector.execute(ThrowableCollector.java:73)
	at org.junit.platform.engine.support.hierarchical.NodeTestTask.prepare(NodeTestTask.java:123)
	at org.junit.platform.engine.support.hierarchical.NodeTestTask.execute(NodeTestTask.java:90)
	at java.util.ArrayList.forEach(ArrayList.java:1259)
	at org.junit.platform.engine.support.hierarchical.SameThreadHierarchicalTestExecutorService.invokeAll(SameThreadHierarchicalTestExecutorService.java:41)
	at org.junit.platform.engine.support.hierarchical.NodeTestTask.lambda$executeRecursively$6(NodeTestTask.java:155)
	at org.junit.platform.engine.support.hierarchical.ThrowableCollector.execute(ThrowableCollector.java:73)
	at org.junit.platform.engine.support.hierarchical.NodeTestTask.lambda$executeRecursively$8(NodeTestTask.java:141)
	at org.junit.platform.engine.support.hierarchical.Node.around(Node.java:137)
	at org.junit.platform.engine.support.hierarchical.NodeTestTask.lambda$executeRecursively$9(NodeTestTask.java:139)
	at org.junit.platform.engine.support.hierarchical.ThrowableCollector.execute(ThrowableCollector.java:73)
	at org.junit.platform.engine.support.hierarchical.NodeTestTask.executeRecursively(NodeTestTask.java:138)
	at org.junit.platform.engine.support.hierarchical.NodeTestTask.execute(NodeTestTask.java:95)
	at java.util.ArrayList.forEach(ArrayList.java:1259)
	at org.junit.platform.engine.support.hierarchical.SameThreadHierarchicalTestExecutorService.invokeAll(SameThreadHierarchicalTestExecutorService.java:41)
	at org.junit.platform.engine.support.hierarchical.NodeTestTask.lambda$executeRecursively$6(NodeTestTask.java:155)
	at org.junit.platform.engine.support.hierarchical.ThrowableCollector.execute(ThrowableCollector.java:73)
	at org.junit.platform.engine.support.hierarchical.NodeTestTask.lambda$executeRecursively$8(NodeTestTask.java:141)
	at org.junit.platform.engine.support.hierarchical.Node.around(Node.java:137)
	at org.junit.platform.engine.support.hierarchical.NodeTestTask.lambda$executeRecursively$9(NodeTestTask.java:139)
	at org.junit.platform.engine.support.hierarchical.ThrowableCollector.execute(ThrowableCollector.java:73)
	at org.junit.platform.engine.support.hierarchical.NodeTestTask.executeRecursively(NodeTestTask.java:138)
	at org.junit.platform.engine.support.hierarchical.NodeTestTask.execute(NodeTestTask.java:95)
	at org.junit.platform.engine.support.hierarchical.SameThreadHierarchicalTestExecutorService.submit(SameThreadHierarchicalTestExecutorService.java:35)
	at org.junit.platform.engine.support.hierarchical.HierarchicalTestExecutor.execute(HierarchicalTestExecutor.java:57)
	at org.junit.platform.engine.support.hierarchical.HierarchicalTestEngine.execute(HierarchicalTestEngine.java:54)
	at org.junit.platform.launcher.core.EngineExecutionOrchestrator.execute(EngineExecutionOrchestrator.java:107)
	at org.junit.platform.launcher.core.EngineExecutionOrchestrator.execute(EngineExecutionOrchestrator.java:88)
	at org.junit.platform.launcher.core.EngineExecutionOrchestrator.lambda$execute$0(EngineExecutionOrchestrator.java:54)
	at org.junit.platform.launcher.core.EngineExecutionOrchestrator.withInterceptedStreams(EngineExecutionOrchestrator.java:67)
	at org.junit.platform.launcher.core.EngineExecutionOrchestrator.execute(EngineExecutionOrchestrator.java:52)
	at org.junit.platform.launcher.core.DefaultLauncher.execute(DefaultLauncher.java:114)
	at org.junit.platform.launcher.core.DefaultLauncher.execute(DefaultLauncher.java:86)
	at org.junit.platform.launcher.core.DefaultLauncherSession$DelegatingLauncher.execute(DefaultLauncherSession.java:86)
	at org.junit.platform.launcher.core.SessionPerRequestLauncher.execute(SessionPerRequestLauncher.java:53)
	at com.intellij.junit5.JUnit5IdeaTestRunner.startRunnerWithArgs(JUnit5IdeaTestRunner.java:57)
	at com.intellij.rt.junit.IdeaTestRunner$Repeater$1.execute(IdeaTestRunner.java:38)
	at com.intellij.rt.execution.junit.TestsRepeater.repeat(TestsRepeater.java:11)
	at com.intellij.rt.junit.IdeaTestRunner$Repeater.startRunnerWithArgs(IdeaTestRunner.java:35)
	at com.intellij.rt.junit.JUnitStarter.prepareStreamsAndStart(JUnitStarter.java:235)
	at com.intellij.rt.junit.JUnitStarter.main(JUnitStarter.java:54)
Caused by: org.springframework.beans.factory.NoSuchBeanDefinitionException: No qualifying bean of type 'org.quartz.Scheduler' available: expected at least 1 bean which qualifies as autowire candidate. Dependency annotations: {@org.springframework.beans.factory.annotation.Autowired(required=true)}
	at org.springframework.beans.factory.support.DefaultListableBeanFactory.raiseNoMatchingBeanFound(DefaultListableBeanFactory.java:1801)
	at org.springframework.beans.factory.support.DefaultListableBeanFactory.doResolveDependency(DefaultListableBeanFactory.java:1357)
	at org.springframework.beans.factory.support.DefaultListableBeanFactory.resolveDependency(DefaultListableBeanFactory.java:1311)
	at org.springframework.beans.factory.annotation.AutowiredAnnotationBeanPostProcessor$AutowiredFieldElement.resolveFieldValue(AutowiredAnnotationBeanPostProcessor.java:656)
	... 76 common frames omitted
2024-06-26 14:31:10.204 [main-INFO ] com.mee.quartz.test.JobTeskTest:55 -Starting JobTeskTest using Java 1.8.0_351 on SCD202212140004 with PID 17328 (started by zoupengcheng in E:\self\quartz-2.3.2\quartz-springboot)
2024-06-26 14:31:10.243 [main-DEBUG] com.mee.quartz.test.JobTeskTest:56 -Running with Spring Boot v2.7.3, Spring v5.3.22
2024-06-26 14:31:10.244 [main-INFO ] com.mee.quartz.test.JobTeskTest:640 -The following 1 profile is active: "dev"
2024-06-26 14:31:10.981 [main-DEBUG] com.zaxxer.hikari.HikariConfig:971 -Driver class org.postgresql.Driver found in Thread context class loader sun.misc.Launcher$AppClassLoader@18b4aac2
2024-06-26 14:31:11.163 [main-DEBUG] com.zaxxer.hikari.HikariConfig:1103 -HikariPool-1 - configuration:
2024-06-26 14:31:11.167 [main-DEBUG] com.zaxxer.hikari.HikariConfig:1135 -allowPoolSuspension................................false
2024-06-26 14:31:11.168 [main-DEBUG] com.zaxxer.hikari.HikariConfig:1135 -autoCommit................................true
2024-06-26 14:31:11.168 [main-DEBUG] com.zaxxer.hikari.HikariConfig:1135 -catalog................................none
2024-06-26 14:31:11.169 [main-DEBUG] com.zaxxer.hikari.HikariConfig:1135 -connectionInitSql................................none
2024-06-26 14:31:11.170 [main-DEBUG] com.zaxxer.hikari.HikariConfig:1135 -connectionTestQuery................................"SELECT 1"
2024-06-26 14:31:11.171 [main-DEBUG] com.zaxxer.hikari.HikariConfig:1135 -connectionTimeout................................30000
2024-06-26 14:31:11.171 [main-DEBUG] com.zaxxer.hikari.HikariConfig:1135 -dataSource................................none
2024-06-26 14:31:11.172 [main-DEBUG] com.zaxxer.hikari.HikariConfig:1135 -dataSourceClassName................................none
2024-06-26 14:31:11.172 [main-DEBUG] com.zaxxer.hikari.HikariConfig:1135 -dataSourceJNDI................................none
2024-06-26 14:31:11.173 [main-DEBUG] com.zaxxer.hikari.HikariConfig:1135 -dataSourceProperties................................{password=<masked>}
2024-06-26 14:31:11.174 [main-DEBUG] com.zaxxer.hikari.HikariConfig:1135 -driverClassName................................"org.postgresql.Driver"
2024-06-26 14:31:11.174 [main-DEBUG] com.zaxxer.hikari.HikariConfig:1135 -exceptionOverrideClassName................................none
2024-06-26 14:31:11.175 [main-DEBUG] com.zaxxer.hikari.HikariConfig:1135 -healthCheckProperties................................{}
2024-06-26 14:31:11.175 [main-DEBUG] com.zaxxer.hikari.HikariConfig:1135 -healthCheckRegistry................................none
2024-06-26 14:31:11.176 [main-DEBUG] com.zaxxer.hikari.HikariConfig:1135 -idleTimeout................................600000
2024-06-26 14:31:11.176 [main-DEBUG] com.zaxxer.hikari.HikariConfig:1135 -initializationFailTimeout................................1
2024-06-26 14:31:11.177 [main-DEBUG] com.zaxxer.hikari.HikariConfig:1135 -isolateInternalQueries................................false
2024-06-26 14:31:11.177 [main-DEBUG] com.zaxxer.hikari.HikariConfig:1135 -jdbcUrl................................jdbc:postgresql://127.0.0.1:5432/mee?stringtype=unspecified&currentSchema=mee_quartz&reWriteBatchedInserts=true
2024-06-26 14:31:11.178 [main-DEBUG] com.zaxxer.hikari.HikariConfig:1135 -keepaliveTime................................0
2024-06-26 14:31:11.178 [main-DEBUG] com.zaxxer.hikari.HikariConfig:1135 -leakDetectionThreshold................................0
2024-06-26 14:31:11.178 [main-DEBUG] com.zaxxer.hikari.HikariConfig:1135 -maxLifetime................................50000
2024-06-26 14:31:11.179 [main-DEBUG] com.zaxxer.hikari.HikariConfig:1135 -maximumPoolSize................................10
2024-06-26 14:31:11.179 [main-DEBUG] com.zaxxer.hikari.HikariConfig:1135 -metricRegistry................................none
2024-06-26 14:31:11.180 [main-DEBUG] com.zaxxer.hikari.HikariConfig:1135 -metricsTrackerFactory................................none
2024-06-26 14:31:11.180 [main-DEBUG] com.zaxxer.hikari.HikariConfig:1135 -minimumIdle................................10
2024-06-26 14:31:11.180 [main-DEBUG] com.zaxxer.hikari.HikariConfig:1135 -password................................<masked>
2024-06-26 14:31:11.181 [main-DEBUG] com.zaxxer.hikari.HikariConfig:1135 -poolName................................"HikariPool-1"
2024-06-26 14:31:11.182 [main-DEBUG] com.zaxxer.hikari.HikariConfig:1135 -readOnly................................false
2024-06-26 14:31:11.182 [main-DEBUG] com.zaxxer.hikari.HikariConfig:1135 -registerMbeans................................false
2024-06-26 14:31:11.183 [main-DEBUG] com.zaxxer.hikari.HikariConfig:1135 -scheduledExecutor................................none
2024-06-26 14:31:11.183 [main-DEBUG] com.zaxxer.hikari.HikariConfig:1135 -schema................................none
2024-06-26 14:31:11.184 [main-DEBUG] com.zaxxer.hikari.HikariConfig:1135 -threadFactory................................internal
2024-06-26 14:31:11.184 [main-DEBUG] com.zaxxer.hikari.HikariConfig:1135 -transactionIsolation................................default
2024-06-26 14:31:11.184 [main-DEBUG] com.zaxxer.hikari.HikariConfig:1135 -username................................"mee_admin"
2024-06-26 14:31:11.185 [main-DEBUG] com.zaxxer.hikari.HikariConfig:1135 -validationTimeout................................5000
2024-06-26 14:31:11.185 [main-INFO ] com.zaxxer.hikari.HikariDataSource:110 -HikariPool-1 - Starting...
2024-06-26 14:31:11.496 [main-DEBUG] com.zaxxer.hikari.pool.HikariPool:565 -HikariPool-1 - Added connection org.postgresql.jdbc.PgConnection@58f437b0
2024-06-26 14:31:11.498 [main-INFO ] com.zaxxer.hikari.HikariDataSource:123 -HikariPool-1 - Start completed.
2024-06-26 14:31:11.606 [HikariPool-1 housekeeper-DEBUG] com.zaxxer.hikari.pool.HikariPool:421 -HikariPool-1 - Pool stats (total=1, active=0, idle=1, waiting=0)
2024-06-26 14:31:11.717 [main-INFO ] org.quartz.impl.StdSchedulerFactory:1220 -Using default implementation for ThreadExecutor
2024-06-26 14:31:11.724 [main-INFO ] org.quartz.simpl.SimpleThreadPool:268 -Job execution threads will use class loader of thread: main
2024-06-26 14:31:11.746 [main-INFO ] org.quartz.core.SchedulerSignalerImpl:61 -Initialized Scheduler Signaller of type: class org.quartz.core.SchedulerSignalerImpl
2024-06-26 14:31:11.747 [main-INFO ] org.quartz.core.QuartzScheduler:229 -Quartz Scheduler v.2.3.2 created.
2024-06-26 14:31:11.751 [main-INFO ] o.s.scheduling.quartz.LocalDataSourceJobStore:672 -Using db table-based data access locking (synchronization).
2024-06-26 14:31:11.755 [main-INFO ] o.s.scheduling.quartz.LocalDataSourceJobStore:145 -JobStoreCMT initialized.
2024-06-26 14:31:11.757 [main-INFO ] org.quartz.core.QuartzScheduler:294 -Scheduler meta-data: Quartz Scheduler (v2.3.2) 'QUARTZ-SPRINGBOOT' with instanceId 'SCD2022121400041719383471722'
  Scheduler class: 'org.quartz.core.QuartzScheduler' - running locally.
  NOT STARTED.
  Currently in standby mode.
  Number of jobs executed: 0
  Using thread pool 'org.quartz.simpl.SimpleThreadPool' - with 10 threads.
  Using job-store 'org.springframework.scheduling.quartz.LocalDataSourceJobStore' - which supports persistence. and is clustered.

2024-06-26 14:31:11.757 [main-INFO ] org.quartz.impl.StdSchedulerFactory:1374 -Quartz scheduler 'QUARTZ-SPRINGBOOT' initialized from an externally provided properties instance.
2024-06-26 14:31:11.758 [main-INFO ] org.quartz.impl.StdSchedulerFactory:1378 -Quartz scheduler version: 2.3.2
2024-06-26 14:31:11.758 [main-INFO ] org.quartz.core.QuartzScheduler:2293 -JobFactory set to: org.springframework.scheduling.quartz.SpringBeanJobFactory@1db87583
2024-06-26 14:31:11.815 [main-INFO ] o.s.scheduling.quartz.SchedulerFactoryBean:729 -Starting Quartz Scheduler now
2024-06-26 14:31:11.833 [HikariPool-1 connection adder-DEBUG] com.zaxxer.hikari.pool.HikariPool:729 -HikariPool-1 - Added connection org.postgresql.jdbc.PgConnection@51bd622a
2024-06-26 14:31:24.096 [HikariPool-1 connection adder-DEBUG] com.zaxxer.hikari.pool.HikariPool:729 -HikariPool-1 - Added connection org.postgresql.jdbc.PgConnection@10806811
2024-06-26 14:31:24.756 [HikariPool-1 connection adder-DEBUG] com.zaxxer.hikari.pool.HikariPool:729 -HikariPool-1 - Added connection org.postgresql.jdbc.PgConnection@215a1fea
2024-06-26 14:31:24.760 [main-INFO ] org.quartz.core.QuartzScheduler:547 -Scheduler QUARTZ-SPRINGBOOT_$_SCD2022121400041719383471722 started.
2024-06-26 14:31:24.773 [main-INFO ] com.mee.quartz.test.JobTeskTest:61 -Started JobTeskTest in 14.931 seconds (JVM running for 16.523)
2024-06-26 14:31:25.346 [HikariPool-1 connection adder-DEBUG] com.zaxxer.hikari.pool.HikariPool:729 -HikariPool-1 - Added connection org.postgresql.jdbc.PgConnection@70af975e
2024-06-26 14:31:25.543 [HikariPool-1 connection adder-DEBUG] com.zaxxer.hikari.pool.HikariPool:729 -HikariPool-1 - Added connection org.postgresql.jdbc.PgConnection@7e5c705e
2024-06-26 14:31:25.672 [SpringApplicationShutdownHook-INFO ] org.quartz.core.QuartzScheduler:585 -Scheduler QUARTZ-SPRINGBOOT_$_SCD2022121400041719383471722 paused.
2024-06-26 14:31:25.673 [SpringApplicationShutdownHook-INFO ] o.s.scheduling.quartz.SchedulerFactoryBean:847 -Shutting down Quartz Scheduler
2024-06-26 14:31:25.674 [SpringApplicationShutdownHook-INFO ] org.quartz.core.QuartzScheduler:666 -Scheduler QUARTZ-SPRINGBOOT_$_SCD2022121400041719383471722 shutting down.
2024-06-26 14:31:25.674 [SpringApplicationShutdownHook-INFO ] org.quartz.core.QuartzScheduler:585 -Scheduler QUARTZ-SPRINGBOOT_$_SCD2022121400041719383471722 paused.
2024-06-26 14:31:25.674 [SpringApplicationShutdownHook-DEBUG] org.quartz.simpl.SimpleThreadPool:328 -Shutting down threadpool...
2024-06-26 14:31:25.675 [SpringApplicationShutdownHook-DEBUG] org.quartz.simpl.SimpleThreadPool:395 -Shutdown of threadpool complete.
2024-06-26 14:31:25.676 [SpringApplicationShutdownHook-INFO ] org.quartz.core.QuartzScheduler:740 -Scheduler QUARTZ-SPRINGBOOT_$_SCD2022121400041719383471722 shutdown complete.
2024-06-26 14:31:25.676 [SpringApplicationShutdownHook-INFO ] com.zaxxer.hikari.HikariDataSource:350 -HikariPool-1 - Shutdown initiated...
2024-06-26 14:31:25.676 [SpringApplicationShutdownHook-DEBUG] com.zaxxer.hikari.pool.HikariPool:421 -HikariPool-1 - Before shutdown stats (total=6, active=0, idle=6, waiting=0)
2024-06-26 14:31:25.678 [HikariPool-1 connection closer-DEBUG] com.zaxxer.hikari.pool.PoolBase:134 -HikariPool-1 - Closing connection org.postgresql.jdbc.PgConnection@58f437b0: (connection evicted)
2024-06-26 14:31:25.679 [HikariPool-1 connection closer-DEBUG] com.zaxxer.hikari.pool.PoolBase:134 -HikariPool-1 - Closing connection org.postgresql.jdbc.PgConnection@51bd622a: (connection evicted)
2024-06-26 14:31:25.680 [HikariPool-1 connection closer-DEBUG] com.zaxxer.hikari.pool.PoolBase:134 -HikariPool-1 - Closing connection org.postgresql.jdbc.PgConnection@10806811: (connection evicted)
2024-06-26 14:31:25.681 [HikariPool-1 connection closer-DEBUG] com.zaxxer.hikari.pool.PoolBase:134 -HikariPool-1 - Closing connection org.postgresql.jdbc.PgConnection@215a1fea: (connection evicted)
2024-06-26 14:31:25.682 [HikariPool-1 connection closer-DEBUG] com.zaxxer.hikari.pool.PoolBase:134 -HikariPool-1 - Closing connection org.postgresql.jdbc.PgConnection@70af975e: (connection evicted)
2024-06-26 14:31:25.682 [HikariPool-1 connection closer-DEBUG] com.zaxxer.hikari.pool.PoolBase:134 -HikariPool-1 - Closing connection org.postgresql.jdbc.PgConnection@7e5c705e: (connection evicted)
2024-06-26 14:31:25.758 [HikariPool-1 connection adder-DEBUG] com.zaxxer.hikari.pool.HikariPool:729 -HikariPool-1 - Added connection org.postgresql.jdbc.PgConnection@74e18b48
2024-06-26 14:31:25.760 [HikariPool-1 connection closer-DEBUG] com.zaxxer.hikari.pool.PoolBase:134 -HikariPool-1 - Closing connection org.postgresql.jdbc.PgConnection@74e18b48: (connection evicted)
2024-06-26 14:31:25.761 [SpringApplicationShutdownHook-DEBUG] com.zaxxer.hikari.pool.HikariPool:421 -HikariPool-1 - After shutdown stats (total=0, active=0, idle=0, waiting=0)
2024-06-26 14:31:25.761 [SpringApplicationShutdownHook-INFO ] com.zaxxer.hikari.HikariDataSource:352 -HikariPool-1 - Shutdown completed.
2024-06-26 16:25:10.198 [main-INFO ] com.mee.quartz.test.JobTeskTest:55 -Starting JobTeskTest using Java 1.8.0_351 on SCD202212140004 with PID 17456 (started by zoupengcheng in E:\self\quartz-2.3.2\quartz-springboot)
2024-06-26 16:25:10.237 [main-DEBUG] com.mee.quartz.test.JobTeskTest:56 -Running with Spring Boot v2.7.3, Spring v5.3.22
2024-06-26 16:25:10.238 [main-INFO ] com.mee.quartz.test.JobTeskTest:640 -The following 1 profile is active: "dev"
2024-06-26 16:25:10.960 [main-DEBUG] com.zaxxer.hikari.HikariConfig:971 -Driver class org.postgresql.Driver found in Thread context class loader sun.misc.Launcher$AppClassLoader@18b4aac2
2024-06-26 16:25:11.138 [main-DEBUG] com.zaxxer.hikari.HikariConfig:1103 -HikariPool-1 - configuration:
2024-06-26 16:25:11.140 [main-DEBUG] com.zaxxer.hikari.HikariConfig:1135 -allowPoolSuspension................................false
2024-06-26 16:25:11.141 [main-DEBUG] com.zaxxer.hikari.HikariConfig:1135 -autoCommit................................true
2024-06-26 16:25:11.141 [main-DEBUG] com.zaxxer.hikari.HikariConfig:1135 -catalog................................none
2024-06-26 16:25:11.142 [main-DEBUG] com.zaxxer.hikari.HikariConfig:1135 -connectionInitSql................................none
2024-06-26 16:25:11.142 [main-DEBUG] com.zaxxer.hikari.HikariConfig:1135 -connectionTestQuery................................"SELECT 1"
2024-06-26 16:25:11.143 [main-DEBUG] com.zaxxer.hikari.HikariConfig:1135 -connectionTimeout................................30000
2024-06-26 16:25:11.143 [main-DEBUG] com.zaxxer.hikari.HikariConfig:1135 -dataSource................................none
2024-06-26 16:25:11.143 [main-DEBUG] com.zaxxer.hikari.HikariConfig:1135 -dataSourceClassName................................none
2024-06-26 16:25:11.144 [main-DEBUG] com.zaxxer.hikari.HikariConfig:1135 -dataSourceJNDI................................none
2024-06-26 16:25:11.145 [main-DEBUG] com.zaxxer.hikari.HikariConfig:1135 -dataSourceProperties................................{password=<masked>}
2024-06-26 16:25:11.145 [main-DEBUG] com.zaxxer.hikari.HikariConfig:1135 -driverClassName................................"org.postgresql.Driver"
2024-06-26 16:25:11.146 [main-DEBUG] com.zaxxer.hikari.HikariConfig:1135 -exceptionOverrideClassName................................none
2024-06-26 16:25:11.146 [main-DEBUG] com.zaxxer.hikari.HikariConfig:1135 -healthCheckProperties................................{}
2024-06-26 16:25:11.147 [main-DEBUG] com.zaxxer.hikari.HikariConfig:1135 -healthCheckRegistry................................none
2024-06-26 16:25:11.147 [main-DEBUG] com.zaxxer.hikari.HikariConfig:1135 -idleTimeout................................600000
2024-06-26 16:25:11.147 [main-DEBUG] com.zaxxer.hikari.HikariConfig:1135 -initializationFailTimeout................................1
2024-06-26 16:25:11.148 [main-DEBUG] com.zaxxer.hikari.HikariConfig:1135 -isolateInternalQueries................................false
2024-06-26 16:25:11.148 [main-DEBUG] com.zaxxer.hikari.HikariConfig:1135 -jdbcUrl................................jdbc:postgresql://127.0.0.1:5432/mee?stringtype=unspecified&currentSchema=mee_quartz&reWriteBatchedInserts=true
2024-06-26 16:25:11.148 [main-DEBUG] com.zaxxer.hikari.HikariConfig:1135 -keepaliveTime................................0
2024-06-26 16:25:11.149 [main-DEBUG] com.zaxxer.hikari.HikariConfig:1135 -leakDetectionThreshold................................0
2024-06-26 16:25:11.149 [main-DEBUG] com.zaxxer.hikari.HikariConfig:1135 -maxLifetime................................50000
2024-06-26 16:25:11.149 [main-DEBUG] com.zaxxer.hikari.HikariConfig:1135 -maximumPoolSize................................10
2024-06-26 16:25:11.149 [main-DEBUG] com.zaxxer.hikari.HikariConfig:1135 -metricRegistry................................none
2024-06-26 16:25:11.150 [main-DEBUG] com.zaxxer.hikari.HikariConfig:1135 -metricsTrackerFactory................................none
2024-06-26 16:25:11.150 [main-DEBUG] com.zaxxer.hikari.HikariConfig:1135 -minimumIdle................................10
2024-06-26 16:25:11.150 [main-DEBUG] com.zaxxer.hikari.HikariConfig:1135 -password................................<masked>
2024-06-26 16:25:11.151 [main-DEBUG] com.zaxxer.hikari.HikariConfig:1135 -poolName................................"HikariPool-1"
2024-06-26 16:25:11.151 [main-DEBUG] com.zaxxer.hikari.HikariConfig:1135 -readOnly................................false
2024-06-26 16:25:11.152 [main-DEBUG] com.zaxxer.hikari.HikariConfig:1135 -registerMbeans................................false
2024-06-26 16:25:11.152 [main-DEBUG] com.zaxxer.hikari.HikariConfig:1135 -scheduledExecutor................................none
2024-06-26 16:25:11.152 [main-DEBUG] com.zaxxer.hikari.HikariConfig:1135 -schema................................none
2024-06-26 16:25:11.152 [main-DEBUG] com.zaxxer.hikari.HikariConfig:1135 -threadFactory................................internal
2024-06-26 16:25:11.153 [main-DEBUG] com.zaxxer.hikari.HikariConfig:1135 -transactionIsolation................................default
2024-06-26 16:25:11.153 [main-DEBUG] com.zaxxer.hikari.HikariConfig:1135 -username................................"mee_admin"
2024-06-26 16:25:11.153 [main-DEBUG] com.zaxxer.hikari.HikariConfig:1135 -validationTimeout................................5000
2024-06-26 16:25:11.154 [main-INFO ] com.zaxxer.hikari.HikariDataSource:110 -HikariPool-1 - Starting...
2024-06-26 16:25:11.468 [main-DEBUG] com.zaxxer.hikari.pool.HikariPool:565 -HikariPool-1 - Added connection org.postgresql.jdbc.PgConnection@608fe01f
2024-06-26 16:25:11.470 [main-INFO ] com.zaxxer.hikari.HikariDataSource:123 -HikariPool-1 - Start completed.
2024-06-26 16:25:11.578 [HikariPool-1 housekeeper-DEBUG] com.zaxxer.hikari.pool.HikariPool:421 -HikariPool-1 - Pool stats (total=1, active=0, idle=1, waiting=0)
2024-06-26 16:25:11.669 [main-INFO ] org.quartz.impl.StdSchedulerFactory:1220 -Using default implementation for ThreadExecutor
2024-06-26 16:25:11.674 [main-INFO ] org.quartz.simpl.SimpleThreadPool:268 -Job execution threads will use class loader of thread: main
2024-06-26 16:25:11.707 [main-INFO ] org.quartz.core.SchedulerSignalerImpl:61 -Initialized Scheduler Signaller of type: class org.quartz.core.SchedulerSignalerImpl
2024-06-26 16:25:11.707 [main-INFO ] org.quartz.core.QuartzScheduler:229 -Quartz Scheduler v.2.3.2 created.
2024-06-26 16:25:11.712 [main-INFO ] o.s.scheduling.quartz.LocalDataSourceJobStore:672 -Using db table-based data access locking (synchronization).
2024-06-26 16:25:11.716 [main-INFO ] o.s.scheduling.quartz.LocalDataSourceJobStore:145 -JobStoreCMT initialized.
2024-06-26 16:25:11.718 [main-INFO ] org.quartz.core.QuartzScheduler:294 -Scheduler meta-data: Quartz Scheduler (v2.3.2) 'QUARTZ-SPRINGBOOT' with instanceId 'SCD2022121400041719390311673'
  Scheduler class: 'org.quartz.core.QuartzScheduler' - running locally.
  NOT STARTED.
  Currently in standby mode.
  Number of jobs executed: 0
  Using thread pool 'org.quartz.simpl.SimpleThreadPool' - with 10 threads.
  Using job-store 'org.springframework.scheduling.quartz.LocalDataSourceJobStore' - which supports persistence. and is clustered.

2024-06-26 16:25:11.718 [main-INFO ] org.quartz.impl.StdSchedulerFactory:1374 -Quartz scheduler 'QUARTZ-SPRINGBOOT' initialized from an externally provided properties instance.
2024-06-26 16:25:11.719 [main-INFO ] org.quartz.impl.StdSchedulerFactory:1378 -Quartz scheduler version: 2.3.2
2024-06-26 16:25:11.719 [main-INFO ] org.quartz.core.QuartzScheduler:2293 -JobFactory set to: org.springframework.scheduling.quartz.SpringBeanJobFactory@5edc70ed
2024-06-26 16:25:11.777 [main-INFO ] o.s.scheduling.quartz.SchedulerFactoryBean:729 -Starting Quartz Scheduler now
2024-06-26 16:25:11.791 [HikariPool-1 connection adder-DEBUG] com.zaxxer.hikari.pool.HikariPool:729 -HikariPool-1 - Added connection org.postgresql.jdbc.PgConnection@690b6b26
2024-06-26 16:26:53.350 [HikariPool-1 housekeeper-WARN ] com.zaxxer.hikari.pool.HikariPool:788 -HikariPool-1 - Thread starvation or clock leap detected (housekeeper delta=1m41s771ms63µs300ns).
2024-06-26 16:26:53.350 [HikariPool-1 housekeeper-DEBUG] com.zaxxer.hikari.pool.HikariPool:421 -HikariPool-1 - Pool stats (total=2, active=1, idle=1, waiting=0)
2024-06-26 16:26:53.351 [HikariPool-1 housekeeper-DEBUG] com.zaxxer.hikari.pool.HikariPool:342 -HikariPool-1 - Add connection elided, waiting 0, queue 8
2024-06-26 16:26:53.352 [HikariPool-1 connection closer-DEBUG] com.zaxxer.hikari.pool.PoolBase:134 -HikariPool-1 - Closing connection org.postgresql.jdbc.PgConnection@690b6b26: (connection has passed maxLifetime)
2024-06-26 16:26:53.358 [HikariPool-1 connection adder-DEBUG] com.zaxxer.hikari.pool.PoolBase:378 -HikariPool-1 - Failed to create/setup connection: 尝试连线已失败。
2024-06-26 16:26:53.361 [HikariPool-1 connection adder-DEBUG] com.zaxxer.hikari.pool.HikariPool:504 -HikariPool-1 - Cannot acquire connection from data source
org.postgresql.util.PSQLException: 尝试连线已失败。
	at org.postgresql.core.v3.ConnectionFactoryImpl.openConnectionImpl(ConnectionFactoryImpl.java:331)
	at org.postgresql.core.ConnectionFactory.openConnection(ConnectionFactory.java:49)
	at org.postgresql.jdbc.PgConnection.<init>(PgConnection.java:247)
	at org.postgresql.Driver.makeConnection(Driver.java:434)
	at org.postgresql.Driver.connect(Driver.java:291)
	at com.zaxxer.hikari.util.DriverDataSource.getConnection(DriverDataSource.java:138)
	at com.zaxxer.hikari.pool.PoolBase.newConnection(PoolBase.java:364)
	at com.zaxxer.hikari.pool.PoolBase.newPoolEntry(PoolBase.java:206)
	at com.zaxxer.hikari.pool.HikariPool.createPoolEntry(HikariPool.java:476)
	at com.zaxxer.hikari.pool.HikariPool.access$100(HikariPool.java:71)
	at com.zaxxer.hikari.pool.HikariPool$PoolEntryCreator.call(HikariPool.java:726)
	at com.zaxxer.hikari.pool.HikariPool$PoolEntryCreator.call(HikariPool.java:712)
	at java.util.concurrent.FutureTask.run$$$capture(FutureTask.java:266)
	at java.util.concurrent.FutureTask.run(FutureTask.java)
	at java.util.concurrent.ThreadPoolExecutor.runWorker(ThreadPoolExecutor.java:1149)
	at java.util.concurrent.ThreadPoolExecutor$Worker.run(ThreadPoolExecutor.java:624)
	at java.lang.Thread.run(Thread.java:750)
Caused by: java.net.SocketException: Connection reset
	at java.net.SocketInputStream.read(SocketInputStream.java:210)
	at java.net.SocketInputStream.read(SocketInputStream.java:141)
	at org.postgresql.core.VisibleBufferedInputStream.readMore(VisibleBufferedInputStream.java:161)
	at org.postgresql.core.VisibleBufferedInputStream.ensureBytes(VisibleBufferedInputStream.java:128)
	at org.postgresql.core.VisibleBufferedInputStream.ensureBytes(VisibleBufferedInputStream.java:113)
	at org.postgresql.core.VisibleBufferedInputStream.read(VisibleBufferedInputStream.java:73)
	at org.postgresql.core.PGStream.receiveChar(PGStream.java:453)
	at org.postgresql.core.v3.ConnectionFactoryImpl.enableSSL(ConnectionFactoryImpl.java:553)
	at org.postgresql.core.v3.ConnectionFactoryImpl.tryConnect(ConnectionFactoryImpl.java:168)
	at org.postgresql.core.v3.ConnectionFactoryImpl.openConnectionImpl(ConnectionFactoryImpl.java:235)
	... 16 common frames omitted
2024-06-26 16:26:53.365 [main-INFO ] org.quartz.core.QuartzScheduler:547 -Scheduler QUARTZ-SPRINGBOOT_$_SCD2022121400041719390311673 started.
2024-06-26 16:26:53.366 [HikariPool-1 connection closer-DEBUG] com.zaxxer.hikari.pool.PoolBase:134 -HikariPool-1 - Closing connection org.postgresql.jdbc.PgConnection@608fe01f: (connection was evicted)
2024-06-26 16:26:53.366 [QuartzScheduler_QUARTZ-SPRINGBOOT-SCD2022121400041719390311673_MisfireHandler-DEBUG] com.zaxxer.hikari.pool.HikariPool:342 -HikariPool-1 - Add connection elided, waiting 1, queue 9
2024-06-26 16:26:53.380 [main-INFO ] com.mee.quartz.test.JobTeskTest:61 -Started JobTeskTest in 103.557 seconds (JVM running for 105.085)
2024-06-26 16:26:53.383 [QUARTZ-SPRINGBOOT_QuartzSchedulerThread-DEBUG] com.zaxxer.hikari.pool.HikariPool:342 -HikariPool-1 - Add connection elided, waiting 2, queue 10
2024-06-26 16:27:24.231 [QUARTZ-SPRINGBOOT_QuartzSchedulerThread-DEBUG] com.zaxxer.hikari.pool.HikariPool:421 -HikariPool-1 - Timeout failure stats (total=0, active=0, idle=0, waiting=1)
2024-06-26 16:27:24.231 [QuartzScheduler_QUARTZ-SPRINGBOOT-SCD2022121400041719390311673_MisfireHandler-DEBUG] com.zaxxer.hikari.pool.HikariPool:421 -HikariPool-1 - Timeout failure stats (total=0, active=0, idle=0, waiting=1)
2024-06-26 16:27:24.231 [HikariPool-1 housekeeper-DEBUG] com.zaxxer.hikari.pool.HikariPool:421 -HikariPool-1 - Pool stats (total=0, active=0, idle=0, waiting=1)
2024-06-26 16:27:24.231 [QuartzScheduler_QUARTZ-SPRINGBOOT-SCD2022121400041719390311673_ClusterManager-DEBUG] com.zaxxer.hikari.pool.HikariPool:342 -HikariPool-1 - Add connection elided, waiting 1, queue 10
2024-06-26 16:27:24.232 [HikariPool-1 housekeeper-DEBUG] com.zaxxer.hikari.pool.HikariPool:518 -HikariPool-1 - Fill pool skipped, pool is at sufficient level.
2024-06-26 16:34:50.402 [QuartzScheduler_QUARTZ-SPRINGBOOT-SCD2022121400041719390311673_ClusterManager-DEBUG] com.zaxxer.hikari.pool.HikariPool:421 -HikariPool-1 - Timeout failure stats (total=0, active=0, idle=0, waiting=0)
2024-06-26 16:34:50.402 [QUARTZ-SPRINGBOOT_QuartzSchedulerThread-ERROR] org.quartz.core.ErrorLogger:2407 -An error occurred while scanning for the next triggers to fire.
org.quartz.JobPersistenceException: Failed to obtain DB connection from data source 'springNonTxDataSource.QUARTZ-SPRINGBOOT': java.sql.SQLTransientConnectionException: HikariPool-1 - Connection is not available, request timed out after 30848ms.
	at org.quartz.impl.jdbcjobstore.JobStoreCMT.getNonManagedTXConnection(JobStoreCMT.java:171)
	at org.quartz.impl.jdbcjobstore.JobStoreSupport.executeInNonManagedTXLock(JobStoreSupport.java:3849)
	at org.quartz.impl.jdbcjobstore.JobStoreSupport.acquireNextTriggers(JobStoreSupport.java:2797)
	at org.quartz.core.QuartzSchedulerThread.run(QuartzSchedulerThread.java:287)
Caused by: java.sql.SQLTransientConnectionException: HikariPool-1 - Connection is not available, request timed out after 30848ms.
	at com.zaxxer.hikari.pool.HikariPool.createTimeoutException(HikariPool.java:696)
	at com.zaxxer.hikari.pool.HikariPool.getConnection(HikariPool.java:197)
	at com.zaxxer.hikari.pool.HikariPool.getConnection(HikariPool.java:162)
	at com.zaxxer.hikari.HikariDataSource.getConnection(HikariDataSource.java:128)
	at org.springframework.scheduling.quartz.LocalDataSourceJobStore$2.getConnection(LocalDataSourceJobStore.java:140)
	at org.quartz.utils.DBConnectionManager.getConnection(DBConnectionManager.java:108)
	at org.quartz.impl.jdbcjobstore.JobStoreCMT.getNonManagedTXConnection(JobStoreCMT.java:165)
	... 3 common frames omitted
Caused by: org.postgresql.util.PSQLException: 尝试连线已失败。
	at org.postgresql.core.v3.ConnectionFactoryImpl.openConnectionImpl(ConnectionFactoryImpl.java:331)
	at org.postgresql.core.ConnectionFactory.openConnection(ConnectionFactory.java:49)
	at org.postgresql.jdbc.PgConnection.<init>(PgConnection.java:247)
	at org.postgresql.Driver.makeConnection(Driver.java:434)
	at org.postgresql.Driver.connect(Driver.java:291)
	at com.zaxxer.hikari.util.DriverDataSource.getConnection(DriverDataSource.java:138)
	at com.zaxxer.hikari.pool.PoolBase.newConnection(PoolBase.java:364)
	at com.zaxxer.hikari.pool.PoolBase.newPoolEntry(PoolBase.java:206)
	at com.zaxxer.hikari.pool.HikariPool.createPoolEntry(HikariPool.java:476)
	at com.zaxxer.hikari.pool.HikariPool.access$100(HikariPool.java:71)
	at com.zaxxer.hikari.pool.HikariPool$PoolEntryCreator.call(HikariPool.java:726)
	at com.zaxxer.hikari.pool.HikariPool$PoolEntryCreator.call(HikariPool.java:712)
	at java.util.concurrent.FutureTask.run$$$capture(FutureTask.java:266)
	at java.util.concurrent.FutureTask.run(FutureTask.java)
	at java.util.concurrent.ThreadPoolExecutor.runWorker(ThreadPoolExecutor.java:1149)
	at java.util.concurrent.ThreadPoolExecutor$Worker.run(ThreadPoolExecutor.java:624)
	at java.lang.Thread.run(Thread.java:750)
Caused by: java.net.SocketException: Connection reset
	at java.net.SocketInputStream.read(SocketInputStream.java:210)
	at java.net.SocketInputStream.read(SocketInputStream.java:141)
	at org.postgresql.core.VisibleBufferedInputStream.readMore(VisibleBufferedInputStream.java:161)
	at org.postgresql.core.VisibleBufferedInputStream.ensureBytes(VisibleBufferedInputStream.java:128)
	at org.postgresql.core.VisibleBufferedInputStream.ensureBytes(VisibleBufferedInputStream.java:113)
	at org.postgresql.core.VisibleBufferedInputStream.read(VisibleBufferedInputStream.java:73)
	at org.postgresql.core.PGStream.receiveChar(PGStream.java:453)
	at org.postgresql.core.v3.ConnectionFactoryImpl.enableSSL(ConnectionFactoryImpl.java:553)
	at org.postgresql.core.v3.ConnectionFactoryImpl.tryConnect(ConnectionFactoryImpl.java:168)
	at org.postgresql.core.v3.ConnectionFactoryImpl.openConnectionImpl(ConnectionFactoryImpl.java:235)
	... 16 common frames omitted
2024-06-26 16:34:50.403 [QuartzScheduler_QUARTZ-SPRINGBOOT-SCD2022121400041719390311673_MisfireHandler-ERROR] o.s.scheduling.quartz.LocalDataSourceJobStore:4012 -MisfireHandler: Error handling misfires: Failed to obtain DB connection from data source 'springNonTxDataSource.QUARTZ-SPRINGBOOT': java.sql.SQLTransientConnectionException: HikariPool-1 - Connection is not available, request timed out after 30866ms.
org.quartz.JobPersistenceException: Failed to obtain DB connection from data source 'springNonTxDataSource.QUARTZ-SPRINGBOOT': java.sql.SQLTransientConnectionException: HikariPool-1 - Connection is not available, request timed out after 30866ms.
	at org.quartz.impl.jdbcjobstore.JobStoreCMT.getNonManagedTXConnection(JobStoreCMT.java:171)
	at org.quartz.impl.jdbcjobstore.JobStoreSupport.doRecoverMisfires(JobStoreSupport.java:3241)
	at org.quartz.impl.jdbcjobstore.JobStoreSupport$MisfireHandler.manage(JobStoreSupport.java:4007)
	at org.quartz.impl.jdbcjobstore.JobStoreSupport$MisfireHandler.run(JobStoreSupport.java:4028)
Caused by: java.sql.SQLTransientConnectionException: HikariPool-1 - Connection is not available, request timed out after 30866ms.
	at com.zaxxer.hikari.pool.HikariPool.createTimeoutException(HikariPool.java:696)
	at com.zaxxer.hikari.pool.HikariPool.getConnection(HikariPool.java:197)
	at com.zaxxer.hikari.pool.HikariPool.getConnection(HikariPool.java:162)
	at com.zaxxer.hikari.HikariDataSource.getConnection(HikariDataSource.java:128)
	at org.springframework.scheduling.quartz.LocalDataSourceJobStore$2.getConnection(LocalDataSourceJobStore.java:140)
	at org.quartz.utils.DBConnectionManager.getConnection(DBConnectionManager.java:108)
	at org.quartz.impl.jdbcjobstore.JobStoreCMT.getNonManagedTXConnection(JobStoreCMT.java:165)
	... 3 common frames omitted
Caused by: org.postgresql.util.PSQLException: 尝试连线已失败。
	at org.postgresql.core.v3.ConnectionFactoryImpl.openConnectionImpl(ConnectionFactoryImpl.java:331)
	at org.postgresql.core.ConnectionFactory.openConnection(ConnectionFactory.java:49)
	at org.postgresql.jdbc.PgConnection.<init>(PgConnection.java:247)
	at org.postgresql.Driver.makeConnection(Driver.java:434)
	at org.postgresql.Driver.connect(Driver.java:291)
	at com.zaxxer.hikari.util.DriverDataSource.getConnection(DriverDataSource.java:138)
	at com.zaxxer.hikari.pool.PoolBase.newConnection(PoolBase.java:364)
	at com.zaxxer.hikari.pool.PoolBase.newPoolEntry(PoolBase.java:206)
	at com.zaxxer.hikari.pool.HikariPool.createPoolEntry(HikariPool.java:476)
	at com.zaxxer.hikari.pool.HikariPool.access$100(HikariPool.java:71)
	at com.zaxxer.hikari.pool.HikariPool$PoolEntryCreator.call(HikariPool.java:726)
	at com.zaxxer.hikari.pool.HikariPool$PoolEntryCreator.call(HikariPool.java:712)
	at java.util.concurrent.FutureTask.run$$$capture(FutureTask.java:266)
	at java.util.concurrent.FutureTask.run(FutureTask.java)
	at java.util.concurrent.ThreadPoolExecutor.runWorker(ThreadPoolExecutor.java:1149)
	at java.util.concurrent.ThreadPoolExecutor$Worker.run(ThreadPoolExecutor.java:624)
	at java.lang.Thread.run(Thread.java:750)
Caused by: java.net.SocketException: Connection reset
	at java.net.SocketInputStream.read(SocketInputStream.java:210)
	at java.net.SocketInputStream.read(SocketInputStream.java:141)
	at org.postgresql.core.VisibleBufferedInputStream.readMore(VisibleBufferedInputStream.java:161)
	at org.postgresql.core.VisibleBufferedInputStream.ensureBytes(VisibleBufferedInputStream.java:128)
	at org.postgresql.core.VisibleBufferedInputStream.ensureBytes(VisibleBufferedInputStream.java:113)
	at org.postgresql.core.VisibleBufferedInputStream.read(VisibleBufferedInputStream.java:73)
	at org.postgresql.core.PGStream.receiveChar(PGStream.java:453)
	at org.postgresql.core.v3.ConnectionFactoryImpl.enableSSL(ConnectionFactoryImpl.java:553)
	at org.postgresql.core.v3.ConnectionFactoryImpl.tryConnect(ConnectionFactoryImpl.java:168)
	at org.postgresql.core.v3.ConnectionFactoryImpl.openConnectionImpl(ConnectionFactoryImpl.java:235)
	... 16 common frames omitted
2024-06-26 16:36:32.905 [HikariPool-1 housekeeper-WARN ] com.zaxxer.hikari.pool.HikariPool:788 -HikariPool-1 - Thread starvation or clock leap detected (housekeeper delta=9m8s675ms20µs700ns).
2024-06-26 16:36:32.905 [QuartzScheduler_QUARTZ-SPRINGBOOT-SCD2022121400041719390311673_ClusterManager-ERROR] o.s.scheduling.quartz.LocalDataSourceJobStore:3936 -ClusterManager: Error managing cluster: Failed to obtain DB connection from data source 'springNonTxDataSource.QUARTZ-SPRINGBOOT': java.sql.SQLTransientConnectionException: HikariPool-1 - Connection is not available, request timed out after 452441ms.
org.quartz.JobPersistenceException: Failed to obtain DB connection from data source 'springNonTxDataSource.QUARTZ-SPRINGBOOT': java.sql.SQLTransientConnectionException: HikariPool-1 - Connection is not available, request timed out after 452441ms.
	at org.quartz.impl.jdbcjobstore.JobStoreCMT.getNonManagedTXConnection(JobStoreCMT.java:171)
	at org.quartz.impl.jdbcjobstore.JobStoreSupport.doCheckin(JobStoreSupport.java:3317)
	at org.quartz.impl.jdbcjobstore.JobStoreSupport$ClusterManager.manage(JobStoreSupport.java:3930)
	at org.quartz.impl.jdbcjobstore.JobStoreSupport$ClusterManager.run(JobStoreSupport.java:3967)
Caused by: java.sql.SQLTransientConnectionException: HikariPool-1 - Connection is not available, request timed out after 452441ms.
	at com.zaxxer.hikari.pool.HikariPool.createTimeoutException(HikariPool.java:696)
	at com.zaxxer.hikari.pool.HikariPool.getConnection(HikariPool.java:197)
	at com.zaxxer.hikari.pool.HikariPool.getConnection(HikariPool.java:162)
	at com.zaxxer.hikari.HikariDataSource.getConnection(HikariDataSource.java:128)
	at org.springframework.scheduling.quartz.LocalDataSourceJobStore$2.getConnection(LocalDataSourceJobStore.java:140)
	at org.quartz.utils.DBConnectionManager.getConnection(DBConnectionManager.java:108)
	at org.quartz.impl.jdbcjobstore.JobStoreCMT.getNonManagedTXConnection(JobStoreCMT.java:165)
	... 3 common frames omitted
Caused by: org.postgresql.util.PSQLException: 尝试连线已失败。
	at org.postgresql.core.v3.ConnectionFactoryImpl.openConnectionImpl(ConnectionFactoryImpl.java:331)
	at org.postgresql.core.ConnectionFactory.openConnection(ConnectionFactory.java:49)
	at org.postgresql.jdbc.PgConnection.<init>(PgConnection.java:247)
	at org.postgresql.Driver.makeConnection(Driver.java:434)
	at org.postgresql.Driver.connect(Driver.java:291)
	at com.zaxxer.hikari.util.DriverDataSource.getConnection(DriverDataSource.java:138)
	at com.zaxxer.hikari.pool.PoolBase.newConnection(PoolBase.java:364)
	at com.zaxxer.hikari.pool.PoolBase.newPoolEntry(PoolBase.java:206)
	at com.zaxxer.hikari.pool.HikariPool.createPoolEntry(HikariPool.java:476)
	at com.zaxxer.hikari.pool.HikariPool.access$100(HikariPool.java:71)
	at com.zaxxer.hikari.pool.HikariPool$PoolEntryCreator.call(HikariPool.java:726)
	at com.zaxxer.hikari.pool.HikariPool$PoolEntryCreator.call(HikariPool.java:712)
	at java.util.concurrent.FutureTask.run$$$capture(FutureTask.java:266)
	at java.util.concurrent.FutureTask.run(FutureTask.java)
	at java.util.concurrent.ThreadPoolExecutor.runWorker(ThreadPoolExecutor.java:1149)
	at java.util.concurrent.ThreadPoolExecutor$Worker.run(ThreadPoolExecutor.java:624)
	at java.lang.Thread.run(Thread.java:750)
Caused by: java.net.SocketException: Connection reset
	at java.net.SocketInputStream.read(SocketInputStream.java:210)
	at java.net.SocketInputStream.read(SocketInputStream.java:141)
	at org.postgresql.core.VisibleBufferedInputStream.readMore(VisibleBufferedInputStream.java:161)
	at org.postgresql.core.VisibleBufferedInputStream.ensureBytes(VisibleBufferedInputStream.java:128)
	at org.postgresql.core.VisibleBufferedInputStream.ensureBytes(VisibleBufferedInputStream.java:113)
	at org.postgresql.core.VisibleBufferedInputStream.read(VisibleBufferedInputStream.java:73)
	at org.postgresql.core.PGStream.receiveChar(PGStream.java:453)
	at org.postgresql.core.v3.ConnectionFactoryImpl.enableSSL(ConnectionFactoryImpl.java:553)
	at org.postgresql.core.v3.ConnectionFactoryImpl.tryConnect(ConnectionFactoryImpl.java:168)
	at org.postgresql.core.v3.ConnectionFactoryImpl.openConnectionImpl(ConnectionFactoryImpl.java:235)
	... 16 common frames omitted
2024-06-26 16:36:32.905 [HikariPool-1 housekeeper-DEBUG] com.zaxxer.hikari.pool.HikariPool:421 -HikariPool-1 - Pool stats (total=0, active=0, idle=0, waiting=0)
2024-06-26 16:36:32.906 [QUARTZ-SPRINGBOOT_QuartzSchedulerThread-DEBUG] com.zaxxer.hikari.pool.HikariPool:342 -HikariPool-1 - Add connection elided, waiting 1, queue 10
2024-06-26 16:36:32.906 [HikariPool-1 housekeeper-DEBUG] com.zaxxer.hikari.pool.HikariPool:518 -HikariPool-1 - Fill pool skipped, pool is at sufficient level.
2024-06-26 16:36:32.908 [HikariPool-1 connection adder-DEBUG] com.zaxxer.hikari.pool.HikariPool:729 -HikariPool-1 - Added connection org.postgresql.jdbc.PgConnection@361a94c9
2024-06-26 16:36:32.918 [main-DEBUG] com.zaxxer.hikari.pool.HikariPool:342 -HikariPool-1 - Add connection elided, waiting 1, queue 9
2024-06-26 16:39:45.233 [QUARTZ-SPRINGBOOT_QuartzSchedulerThread-DEBUG] com.zaxxer.hikari.pool.HikariPool:342 -HikariPool-1 - Add connection elided, waiting 1, queue 9
2024-06-26 16:39:47.831 [HikariPool-1 housekeeper-WARN ] com.zaxxer.hikari.pool.HikariPool:788 -HikariPool-1 - Thread starvation or clock leap detected (housekeeper delta=3m12s328ms818µs600ns).
2024-06-26 16:38:39.407 [QuartzScheduler_QUARTZ-SPRINGBOOT-SCD2022121400041719390311673_ClusterManager-DEBUG] com.zaxxer.hikari.pool.HikariPool:342 -HikariPool-1 - Add connection elided, waiting 2, queue 9
2024-06-26 16:38:39.407 [QuartzScheduler_QUARTZ-SPRINGBOOT-SCD2022121400041719390311673_MisfireHandler-DEBUG] com.zaxxer.hikari.pool.HikariPool:342 -HikariPool-1 - Add connection elided, waiting 3, queue 9
2024-06-26 16:46:00.005 [HikariPool-1 connection adder-DEBUG] com.zaxxer.hikari.pool.PoolBase:378 -HikariPool-1 - Failed to create/setup connection: 尝试连线已失败。
2024-06-26 16:46:00.005 [HikariPool-1 housekeeper-DEBUG] com.zaxxer.hikari.pool.HikariPool:421 -HikariPool-1 - Pool stats (total=1, active=1, idle=0, waiting=3)
2024-06-26 16:51:31.748 [QuartzScheduler_QUARTZ-SPRINGBOOT-SCD2022121400041719390311673_ClusterManager-DEBUG] com.zaxxer.hikari.pool.HikariPool:421 -HikariPool-1 - Timeout failure stats (total=1, active=1, idle=0, waiting=1)
2024-06-26 16:51:31.748 [QuartzScheduler_QUARTZ-SPRINGBOOT-SCD2022121400041719390311673_MisfireHandler-DEBUG] com.zaxxer.hikari.pool.HikariPool:421 -HikariPool-1 - Timeout failure stats (total=1, active=1, idle=0, waiting=0)
2024-06-26 16:51:31.749 [HikariPool-1 housekeeper-DEBUG] com.zaxxer.hikari.pool.HikariPool:518 -HikariPool-1 - Fill pool skipped, pool is at sufficient level.
2024-06-26 16:51:31.748 [QUARTZ-SPRINGBOOT_QuartzSchedulerThread-DEBUG] com.zaxxer.hikari.pool.HikariPool:421 -HikariPool-1 - Timeout failure stats (total=1, active=1, idle=0, waiting=1)
2024-06-26 16:51:31.750 [HikariPool-1 connection adder-DEBUG] com.zaxxer.hikari.pool.HikariPool:504 -HikariPool-1 - Cannot acquire connection from data source
org.postgresql.util.PSQLException: 尝试连线已失败。
	at org.postgresql.core.v3.ConnectionFactoryImpl.openConnectionImpl(ConnectionFactoryImpl.java:331)
	at org.postgresql.core.ConnectionFactory.openConnection(ConnectionFactory.java:49)
	at org.postgresql.jdbc.PgConnection.<init>(PgConnection.java:247)
	at org.postgresql.Driver.makeConnection(Driver.java:434)
	at org.postgresql.Driver.connect(Driver.java:291)
	at com.zaxxer.hikari.util.DriverDataSource.getConnection(DriverDataSource.java:138)
	at com.zaxxer.hikari.pool.PoolBase.newConnection(PoolBase.java:364)
	at com.zaxxer.hikari.pool.PoolBase.newPoolEntry(PoolBase.java:206)
	at com.zaxxer.hikari.pool.HikariPool.createPoolEntry(HikariPool.java:476)
	at com.zaxxer.hikari.pool.HikariPool.access$100(HikariPool.java:71)
	at com.zaxxer.hikari.pool.HikariPool$PoolEntryCreator.call(HikariPool.java:726)
	at com.zaxxer.hikari.pool.HikariPool$PoolEntryCreator.call(HikariPool.java:712)
	at java.util.concurrent.FutureTask.run$$$capture(FutureTask.java:266)
	at java.util.concurrent.FutureTask.run(FutureTask.java)
	at java.util.concurrent.ThreadPoolExecutor.runWorker(ThreadPoolExecutor.java:1149)
	at java.util.concurrent.ThreadPoolExecutor$Worker.run(ThreadPoolExecutor.java:624)
	at java.lang.Thread.run(Thread.java:750)
Caused by: java.net.SocketException: Connection reset by peer: socket write error
	at java.net.SocketOutputStream.socketWrite0(Native Method)
	at java.net.SocketOutputStream.socketWrite(SocketOutputStream.java:111)
	at java.net.SocketOutputStream.write(SocketOutputStream.java:155)
	at java.io.BufferedOutputStream.flushBuffer(BufferedOutputStream.java:82)
	at java.io.BufferedOutputStream.flush(BufferedOutputStream.java:140)
	at org.postgresql.core.PGStream.flush(PGStream.java:709)
	at org.postgresql.core.v3.ConnectionFactoryImpl.sendStartupPacket(ConnectionFactoryImpl.java:629)
	at org.postgresql.core.v3.ConnectionFactoryImpl.tryConnect(ConnectionFactoryImpl.java:177)
	at org.postgresql.core.v3.ConnectionFactoryImpl.openConnectionImpl(ConnectionFactoryImpl.java:235)
	... 16 common frames omitted
2024-06-26 16:51:31.750 [QUARTZ-SPRINGBOOT_QuartzSchedulerThread-ERROR] org.quartz.core.ErrorLogger:2407 -An error occurred while scanning for the next triggers to fire.
org.quartz.JobPersistenceException: Failed to obtain DB connection from data source 'springNonTxDataSource.QUARTZ-SPRINGBOOT': java.sql.SQLTransientConnectionException: HikariPool-1 - Connection is not available, request timed out after 772343ms.
	at org.quartz.impl.jdbcjobstore.JobStoreCMT.getNonManagedTXConnection(JobStoreCMT.java:171)
	at org.quartz.impl.jdbcjobstore.JobStoreSupport.executeInNonManagedTXLock(JobStoreSupport.java:3849)
	at org.quartz.impl.jdbcjobstore.JobStoreSupport.acquireNextTriggers(JobStoreSupport.java:2797)
	at org.quartz.core.QuartzSchedulerThread.run(QuartzSchedulerThread.java:287)
Caused by: java.sql.SQLTransientConnectionException: HikariPool-1 - Connection is not available, request timed out after 772343ms.
	at com.zaxxer.hikari.pool.HikariPool.createTimeoutException(HikariPool.java:696)
	at com.zaxxer.hikari.pool.HikariPool.getConnection(HikariPool.java:197)
	at com.zaxxer.hikari.pool.HikariPool.getConnection(HikariPool.java:162)
	at com.zaxxer.hikari.HikariDataSource.getConnection(HikariDataSource.java:128)
	at org.springframework.scheduling.quartz.LocalDataSourceJobStore$2.getConnection(LocalDataSourceJobStore.java:140)
	at org.quartz.utils.DBConnectionManager.getConnection(DBConnectionManager.java:108)
	at org.quartz.impl.jdbcjobstore.JobStoreCMT.getNonManagedTXConnection(JobStoreCMT.java:165)
	... 3 common frames omitted
Caused by: org.postgresql.util.PSQLException: 尝试连线已失败。
	at org.postgresql.core.v3.ConnectionFactoryImpl.openConnectionImpl(ConnectionFactoryImpl.java:331)
	at org.postgresql.core.ConnectionFactory.openConnection(ConnectionFactory.java:49)
	at org.postgresql.jdbc.PgConnection.<init>(PgConnection.java:247)
	at org.postgresql.Driver.makeConnection(Driver.java:434)
	at org.postgresql.Driver.connect(Driver.java:291)
	at com.zaxxer.hikari.util.DriverDataSource.getConnection(DriverDataSource.java:138)
	at com.zaxxer.hikari.pool.PoolBase.newConnection(PoolBase.java:364)
	at com.zaxxer.hikari.pool.PoolBase.newPoolEntry(PoolBase.java:206)
	at com.zaxxer.hikari.pool.HikariPool.createPoolEntry(HikariPool.java:476)
	at com.zaxxer.hikari.pool.HikariPool.access$100(HikariPool.java:71)
	at com.zaxxer.hikari.pool.HikariPool$PoolEntryCreator.call(HikariPool.java:726)
	at com.zaxxer.hikari.pool.HikariPool$PoolEntryCreator.call(HikariPool.java:712)
	at java.util.concurrent.FutureTask.run$$$capture(FutureTask.java:266)
	at java.util.concurrent.FutureTask.run(FutureTask.java)
	at java.util.concurrent.ThreadPoolExecutor.runWorker(ThreadPoolExecutor.java:1149)
	at java.util.concurrent.ThreadPoolExecutor$Worker.run(ThreadPoolExecutor.java:624)
	at java.lang.Thread.run(Thread.java:750)
Caused by: java.net.SocketException: Connection reset by peer: socket write error
	at java.net.SocketOutputStream.socketWrite0(Native Method)
	at java.net.SocketOutputStream.socketWrite(SocketOutputStream.java:111)
	at java.net.SocketOutputStream.write(SocketOutputStream.java:155)
	at java.io.BufferedOutputStream.flushBuffer(BufferedOutputStream.java:82)
	at java.io.BufferedOutputStream.flush(BufferedOutputStream.java:140)
	at org.postgresql.core.PGStream.flush(PGStream.java:709)
	at org.postgresql.core.v3.ConnectionFactoryImpl.sendStartupPacket(ConnectionFactoryImpl.java:629)
	at org.postgresql.core.v3.ConnectionFactoryImpl.tryConnect(ConnectionFactoryImpl.java:177)
	at org.postgresql.core.v3.ConnectionFactoryImpl.openConnectionImpl(ConnectionFactoryImpl.java:235)
	... 16 common frames omitted
2024-06-26 16:51:31.750 [QUARTZ-SPRINGBOOT_QuartzSchedulerThread-DEBUG] com.zaxxer.hikari.pool.HikariPool:342 -HikariPool-1 - Add connection elided, waiting 1, queue 9
2024-06-26 16:51:41.402 [QUARTZ-SPRINGBOOT_QuartzSchedulerThread-DEBUG] com.zaxxer.hikari.pool.HikariPool:342 -HikariPool-1 - Add connection elided, waiting 1, queue 9
2024-06-26 16:51:43.637 [HikariPool-1 connection closer-DEBUG] com.zaxxer.hikari.pool.PoolBase:134 -HikariPool-1 - Closing connection org.postgresql.jdbc.PgConnection@361a94c9: (connection was evicted)
2024-06-26 16:51:48.341 [QuartzScheduler_QUARTZ-SPRINGBOOT-SCD2022121400041719390311673_ClusterManager-DEBUG] com.zaxxer.hikari.pool.HikariPool:342 -HikariPool-1 - Add connection elided, waiting 2, queue 9
2024-06-26 16:51:48.341 [QuartzScheduler_QUARTZ-SPRINGBOOT-SCD2022121400041719390311673_MisfireHandler-DEBUG] com.zaxxer.hikari.pool.HikariPool:342 -HikariPool-1 - Add connection elided, waiting 3, queue 9
2024-06-26 16:51:51.746 [HikariPool-1 connection adder-DEBUG] com.zaxxer.hikari.pool.HikariPool:729 -HikariPool-1 - Added connection org.postgresql.jdbc.PgConnection@3e09777b
2024-06-26 16:51:59.202 [HikariPool-1 connection adder-DEBUG] com.zaxxer.hikari.pool.HikariPool:729 -HikariPool-1 - Added connection org.postgresql.jdbc.PgConnection@2f8c2b68
2024-06-26 16:52:01.684 [QuartzScheduler_QUARTZ-SPRINGBOOT-SCD2022121400041719390311673_ClusterManager-WARN ] o.s.scheduling.quartz.LocalDataSourceJobStore:3406 -This scheduler instance (SCD2022121400041719390311673) is still active but was recovered by another instance in the cluster.  This may cause inconsistent behavior.
2024-06-26 16:52:02.276 [HikariPool-1 housekeeper-WARN ] com.zaxxer.hikari.pool.HikariPool:788 -HikariPool-1 - Thread starvation or clock leap detected (housekeeper delta=12m17s42ms611µs400ns).
2024-06-26 16:52:02.277 [HikariPool-1 housekeeper-DEBUG] com.zaxxer.hikari.pool.HikariPool:421 -HikariPool-1 - Pool stats (total=2, active=1, idle=1, waiting=0)
2024-06-26 16:52:02.277 [HikariPool-1 housekeeper-DEBUG] com.zaxxer.hikari.pool.HikariPool:518 -HikariPool-1 - Fill pool skipped, pool is at sufficient level.
2024-06-26 16:52:02.480 [HikariPool-1 connection adder-DEBUG] com.zaxxer.hikari.pool.HikariPool:729 -HikariPool-1 - Added connection org.postgresql.jdbc.PgConnection@6e0af4ab
2024-06-26 16:52:02.494 [SpringApplicationShutdownHook-INFO ] org.quartz.core.QuartzScheduler:585 -Scheduler QUARTZ-SPRINGBOOT_$_SCD2022121400041719390311673 paused.
2024-06-26 16:52:02.495 [SpringApplicationShutdownHook-INFO ] o.s.scheduling.quartz.SchedulerFactoryBean:847 -Shutting down Quartz Scheduler
2024-06-26 16:52:02.495 [SpringApplicationShutdownHook-INFO ] org.quartz.core.QuartzScheduler:666 -Scheduler QUARTZ-SPRINGBOOT_$_SCD2022121400041719390311673 shutting down.
2024-06-26 16:52:02.495 [SpringApplicationShutdownHook-INFO ] org.quartz.core.QuartzScheduler:585 -Scheduler QUARTZ-SPRINGBOOT_$_SCD2022121400041719390311673 paused.
2024-06-26 16:52:02.496 [SpringApplicationShutdownHook-DEBUG] org.quartz.simpl.SimpleThreadPool:328 -Shutting down threadpool...
2024-06-26 16:52:02.496 [SpringApplicationShutdownHook-DEBUG] org.quartz.simpl.SimpleThreadPool:395 -Shutdown of threadpool complete.
2024-06-26 16:52:02.497 [SpringApplicationShutdownHook-INFO ] org.quartz.core.QuartzScheduler:740 -Scheduler QUARTZ-SPRINGBOOT_$_SCD2022121400041719390311673 shutdown complete.
2024-06-26 16:52:02.498 [SpringApplicationShutdownHook-INFO ] com.zaxxer.hikari.HikariDataSource:350 -HikariPool-1 - Shutdown initiated...
2024-06-26 16:52:02.498 [SpringApplicationShutdownHook-DEBUG] com.zaxxer.hikari.pool.HikariPool:421 -HikariPool-1 - Before shutdown stats (total=3, active=0, idle=3, waiting=0)
2024-06-26 16:52:02.499 [HikariPool-1 connection closer-DEBUG] com.zaxxer.hikari.pool.PoolBase:134 -HikariPool-1 - Closing connection org.postgresql.jdbc.PgConnection@3e09777b: (connection evicted)
2024-06-26 16:52:02.500 [HikariPool-1 connection closer-DEBUG] com.zaxxer.hikari.pool.PoolBase:134 -HikariPool-1 - Closing connection org.postgresql.jdbc.PgConnection@2f8c2b68: (connection evicted)
2024-06-26 16:52:02.501 [HikariPool-1 connection closer-DEBUG] com.zaxxer.hikari.pool.PoolBase:134 -HikariPool-1 - Closing connection org.postgresql.jdbc.PgConnection@6e0af4ab: (connection evicted)
2024-06-26 16:52:02.674 [HikariPool-1 connection adder-DEBUG] com.zaxxer.hikari.pool.HikariPool:729 -HikariPool-1 - Added connection org.postgresql.jdbc.PgConnection@573d601a
2024-06-26 16:52:02.675 [HikariPool-1 connection closer-DEBUG] com.zaxxer.hikari.pool.PoolBase:134 -HikariPool-1 - Closing connection org.postgresql.jdbc.PgConnection@573d601a: (connection evicted)
2024-06-26 16:52:02.676 [SpringApplicationShutdownHook-DEBUG] com.zaxxer.hikari.pool.HikariPool:421 -HikariPool-1 - After shutdown stats (total=0, active=0, idle=0, waiting=0)
2024-06-26 16:52:02.677 [SpringApplicationShutdownHook-INFO ] com.zaxxer.hikari.HikariDataSource:352 -HikariPool-1 - Shutdown completed.
